{"/Users/zhussain1/Desktop/Projects/redux-starter/src/math.js": {"path":"/Users/zhussain1/Desktop/Projects/redux-starter/src/math.js","statementMap":{"0":{"start":{"line":1,"column":22},"end":{"line":1,"column":50}},"1":{"start":{"line":1,"column":34},"end":{"line":1,"column":50}}},"fnMap":{"0":{"name":"(anonymous_0)","decl":{"start":{"line":1,"column":22},"end":{"line":1,"column":23}},"loc":{"start":{"line":1,"column":34},"end":{"line":1,"column":50}},"line":1}},"branchMap":{},"s":{"0":1,"1":2},"f":{"0":2},"b":{},"_coverageSchema":"1a1c01bbd47fc00a2c39e90264f33305004495a9","hash":"72b9d1daa03347716107456f86970fe691bcd678"}
,"/Users/zhussain1/Desktop/Projects/redux-starter/src/store/api.js": {"path":"/Users/zhussain1/Desktop/Projects/redux-starter/src/store/api.js","statementMap":{"0":{"start":{"line":3,"column":28},"end":{"line":3,"column":57}},"1":{"start":{"line":4,"column":30},"end":{"line":4,"column":61}},"2":{"start":{"line":5,"column":29},"end":{"line":5,"column":59}}},"fnMap":{},"branchMap":{},"s":{"0":1,"1":1,"2":1},"f":{},"b":{},"_coverageSchema":"1a1c01bbd47fc00a2c39e90264f33305004495a9","hash":"9c70f2a524828e89cdf443ef17ad649b562ca923"}
,"/Users/zhussain1/Desktop/Projects/redux-starter/src/store/bugs.js": {"path":"/Users/zhussain1/Desktop/Projects/redux-starter/src/store/bugs.js","statementMap":{"0":{"start":{"line":6,"column":13},"end":{"line":6,"column":14}},"1":{"start":{"line":8,"column":14},"end":{"line":57,"column":2}},"2":{"start":{"line":19,"column":6},"end":{"line":19,"column":26}},"3":{"start":{"line":20,"column":6},"end":{"line":20,"column":34}},"4":{"start":{"line":23,"column":6},"end":{"line":23,"column":33}},"5":{"start":{"line":24,"column":6},"end":{"line":24,"column":27}},"6":{"start":{"line":27,"column":6},"end":{"line":27,"column":27}},"7":{"start":{"line":31,"column":6},"end":{"line":31,"column":37}},"8":{"start":{"line":40,"column":20},"end":{"line":40,"column":78}},"9":{"start":{"line":40,"column":49},"end":{"line":40,"column":77}},"10":{"start":{"line":41,"column":6},"end":{"line":41,"column":39}},"11":{"start":{"line":45,"column":20},"end":{"line":45,"column":78}},"12":{"start":{"line":45,"column":49},"end":{"line":45,"column":77}},"13":{"start":{"line":46,"column":6},"end":{"line":48,"column":7}},"14":{"start":{"line":47,"column":8},"end":{"line":47,"column":35}},"15":{"start":{"line":52,"column":28},"end":{"line":52,"column":42}},"16":{"start":{"line":53,"column":20},"end":{"line":53,"column":66}},"17":{"start":{"line":53,"column":49},"end":{"line":53,"column":65}},"18":{"start":{"line":54,"column":6},"end":{"line":54,"column":40}},"19":{"start":{"line":59,"column":65},"end":{"line":59,"column":78}},"20":{"start":{"line":63,"column":12},"end":{"line":63,"column":19}},"21":{"start":{"line":73,"column":24},"end":{"line":88,"column":1}},"22":{"start":{"line":73,"column":30},"end":{"line":88,"column":1}},"23":{"start":{"line":74,"column":24},"end":{"line":74,"column":48}},"24":{"start":{"line":76,"column":24},"end":{"line":76,"column":67}},"25":{"start":{"line":78,"column":2},"end":{"line":78,"column":33}},"26":{"start":{"line":78,"column":26},"end":{"line":78,"column":33}},"27":{"start":{"line":80,"column":2},"end":{"line":87,"column":4}},"28":{"start":{"line":90,"column":22},"end":{"line":96,"column":4}},"29":{"start":{"line":91,"column":2},"end":{"line":96,"column":4}},"30":{"start":{"line":98,"column":26},"end":{"line":104,"column":4}},"31":{"start":{"line":99,"column":2},"end":{"line":104,"column":4}},"32":{"start":{"line":106,"column":30},"end":{"line":112,"column":4}},"33":{"start":{"line":107,"column":2},"end":{"line":112,"column":4}},"34":{"start":{"line":115,"column":33},"end":{"line":118,"column":1}},"35":{"start":{"line":116,"column":13},"end":{"line":116,"column":32}},"36":{"start":{"line":117,"column":12},"end":{"line":117,"column":52}},"37":{"start":{"line":117,"column":38},"end":{"line":117,"column":51}},"38":{"start":{"line":120,"column":28},"end":{"line":124,"column":3}},"39":{"start":{"line":121,"column":2},"end":{"line":124,"column":3}},"40":{"start":{"line":122,"column":15},"end":{"line":122,"column":34}},"41":{"start":{"line":123,"column":14},"end":{"line":123,"column":62}},"42":{"start":{"line":123,"column":40},"end":{"line":123,"column":61}}},"fnMap":{"0":{"name":"(anonymous_0)","decl":{"start":{"line":18,"column":19},"end":{"line":18,"column":20}},"loc":{"start":{"line":18,"column":37},"end":{"line":21,"column":5}},"line":18},"1":{"name":"(anonymous_1)","decl":{"start":{"line":22,"column":18},"end":{"line":22,"column":19}},"loc":{"start":{"line":22,"column":36},"end":{"line":25,"column":5}},"line":22},"2":{"name":"(anonymous_2)","decl":{"start":{"line":26,"column":23},"end":{"line":26,"column":24}},"loc":{"start":{"line":26,"column":41},"end":{"line":28,"column":5}},"line":26},"3":{"name":"(anonymous_3)","decl":{"start":{"line":30,"column":14},"end":{"line":30,"column":15}},"loc":{"start":{"line":30,"column":32},"end":{"line":37,"column":5}},"line":30},"4":{"name":"(anonymous_4)","decl":{"start":{"line":39,"column":17},"end":{"line":39,"column":18}},"loc":{"start":{"line":39,"column":35},"end":{"line":42,"column":5}},"line":39},"5":{"name":"(anonymous_5)","decl":{"start":{"line":40,"column":40},"end":{"line":40,"column":41}},"loc":{"start":{"line":40,"column":49},"end":{"line":40,"column":77}},"line":40},"6":{"name":"(anonymous_6)","decl":{"start":{"line":44,"column":16},"end":{"line":44,"column":17}},"loc":{"start":{"line":44,"column":34},"end":{"line":49,"column":5}},"line":44},"7":{"name":"(anonymous_7)","decl":{"start":{"line":45,"column":40},"end":{"line":45,"column":41}},"loc":{"start":{"line":45,"column":49},"end":{"line":45,"column":77}},"line":45},"8":{"name":"(anonymous_8)","decl":{"start":{"line":51,"column":23},"end":{"line":51,"column":24}},"loc":{"start":{"line":51,"column":41},"end":{"line":55,"column":5}},"line":51},"9":{"name":"(anonymous_9)","decl":{"start":{"line":53,"column":40},"end":{"line":53,"column":41}},"loc":{"start":{"line":53,"column":49},"end":{"line":53,"column":65}},"line":53},"10":{"name":"(anonymous_10)","decl":{"start":{"line":73,"column":24},"end":{"line":73,"column":25}},"loc":{"start":{"line":73,"column":30},"end":{"line":88,"column":1}},"line":73},"11":{"name":"(anonymous_11)","decl":{"start":{"line":73,"column":30},"end":{"line":73,"column":31}},"loc":{"start":{"line":73,"column":54},"end":{"line":88,"column":1}},"line":73},"12":{"name":"(anonymous_12)","decl":{"start":{"line":90,"column":22},"end":{"line":90,"column":23}},"loc":{"start":{"line":91,"column":2},"end":{"line":96,"column":4}},"line":91},"13":{"name":"(anonymous_13)","decl":{"start":{"line":98,"column":26},"end":{"line":98,"column":27}},"loc":{"start":{"line":99,"column":2},"end":{"line":104,"column":4}},"line":99},"14":{"name":"(anonymous_14)","decl":{"start":{"line":106,"column":30},"end":{"line":106,"column":31}},"loc":{"start":{"line":107,"column":2},"end":{"line":112,"column":4}},"line":107},"15":{"name":"(anonymous_15)","decl":{"start":{"line":116,"column":2},"end":{"line":116,"column":3}},"loc":{"start":{"line":116,"column":13},"end":{"line":116,"column":32}},"line":116},"16":{"name":"(anonymous_16)","decl":{"start":{"line":117,"column":2},"end":{"line":117,"column":3}},"loc":{"start":{"line":117,"column":12},"end":{"line":117,"column":52}},"line":117},"17":{"name":"(anonymous_17)","decl":{"start":{"line":117,"column":29},"end":{"line":117,"column":30}},"loc":{"start":{"line":117,"column":38},"end":{"line":117,"column":51}},"line":117},"18":{"name":"(anonymous_18)","decl":{"start":{"line":120,"column":28},"end":{"line":120,"column":29}},"loc":{"start":{"line":121,"column":2},"end":{"line":124,"column":3}},"line":121},"19":{"name":"(anonymous_19)","decl":{"start":{"line":122,"column":4},"end":{"line":122,"column":5}},"loc":{"start":{"line":122,"column":15},"end":{"line":122,"column":34}},"line":122},"20":{"name":"(anonymous_20)","decl":{"start":{"line":123,"column":4},"end":{"line":123,"column":5}},"loc":{"start":{"line":123,"column":14},"end":{"line":123,"column":62}},"line":123},"21":{"name":"(anonymous_21)","decl":{"start":{"line":123,"column":31},"end":{"line":123,"column":32}},"loc":{"start":{"line":123,"column":40},"end":{"line":123,"column":61}},"line":123}},"branchMap":{"0":{"loc":{"start":{"line":46,"column":6},"end":{"line":48,"column":7}},"type":"if","locations":[{"start":{"line":46,"column":6},"end":{"line":48,"column":7}},{"start":{},"end":{}}],"line":46},"1":{"loc":{"start":{"line":78,"column":2},"end":{"line":78,"column":33}},"type":"if","locations":[{"start":{"line":78,"column":2},"end":{"line":78,"column":33}},{"start":{},"end":{}}],"line":78}},"s":{"0":1,"1":1,"2":5,"3":5,"4":4,"5":4,"6":1,"7":3,"8":1,"9":1,"10":1,"11":0,"12":0,"13":0,"14":0,"15":0,"16":0,"17":0,"18":0,"19":1,"20":1,"21":1,"22":6,"23":6,"24":6,"25":6,"26":1,"27":5,"28":1,"29":4,"30":1,"31":2,"32":1,"33":0,"34":1,"35":1,"36":1,"37":3,"38":1,"39":0,"40":0,"41":0,"42":0},"f":{"0":5,"1":4,"2":1,"3":3,"4":1,"5":1,"6":0,"7":0,"8":0,"9":0,"10":6,"11":6,"12":4,"13":2,"14":0,"15":1,"16":1,"17":3,"18":0,"19":0,"20":0,"21":0},"b":{"0":[0,0],"1":[1,5]},"_coverageSchema":"1a1c01bbd47fc00a2c39e90264f33305004495a9","hash":"f00971aee8f24ff7876ec74bce3f824976f91244"}
,"/Users/zhussain1/Desktop/Projects/redux-starter/src/store/configureStore.js": {"path":"/Users/zhussain1/Desktop/Projects/redux-starter/src/store/configureStore.js","statementMap":{"0":{"start":{"line":7,"column":20},"end":{"line":7,"column":57}},"1":{"start":{"line":10,"column":2},"end":{"line":14,"column":5}},"2":{"start":{"line":13,"column":6},"end":{"line":13,"column":48}}},"fnMap":{"0":{"name":"(anonymous_0)","decl":{"start":{"line":9,"column":15},"end":{"line":9,"column":16}},"loc":{"start":{"line":9,"column":27},"end":{"line":15,"column":1}},"line":9},"1":{"name":"(anonymous_1)","decl":{"start":{"line":12,"column":16},"end":{"line":12,"column":17}},"loc":{"start":{"line":13,"column":6},"end":{"line":13,"column":48}},"line":13}},"branchMap":{},"s":{"0":1,"1":10,"2":10},"f":{"0":10,"1":10},"b":{},"_coverageSchema":"1a1c01bbd47fc00a2c39e90264f33305004495a9","hash":"23bc86a9e6e9c0deda642602e6847b151106d9d9"}
,"/Users/zhussain1/Desktop/Projects/redux-starter/src/store/entitiesReducer.js": {"path":"/Users/zhussain1/Desktop/Projects/redux-starter/src/store/entitiesReducer.js","statementMap":{},"fnMap":{},"branchMap":{},"s":{},"f":{},"b":{},"_coverageSchema":"1a1c01bbd47fc00a2c39e90264f33305004495a9","hash":"261714adf89807924601b0b93744a039ceb22640"}
,"/Users/zhussain1/Desktop/Projects/redux-starter/src/store/projects.js": {"path":"/Users/zhussain1/Desktop/Projects/redux-starter/src/store/projects.js","statementMap":{"0":{"start":{"line":3,"column":13},"end":{"line":3,"column":14}},"1":{"start":{"line":5,"column":14},"end":{"line":18,"column":2}},"2":{"start":{"line":12,"column":6},"end":{"line":15,"column":9}},"3":{"start":{"line":20,"column":34},"end":{"line":20,"column":47}}},"fnMap":{"0":{"name":"(anonymous_0)","decl":{"start":{"line":11,"column":20},"end":{"line":11,"column":21}},"loc":{"start":{"line":11,"column":42},"end":{"line":16,"column":5}},"line":11}},"branchMap":{},"s":{"0":1,"1":1,"2":0,"3":1},"f":{"0":0},"b":{},"_coverageSchema":"1a1c01bbd47fc00a2c39e90264f33305004495a9","hash":"086b43a5055f5c0daf05e00cc0a2cf7e5abbd50a"}
,"/Users/zhussain1/Desktop/Projects/redux-starter/src/store/reducer.js": {"path":"/Users/zhussain1/Desktop/Projects/redux-starter/src/store/reducer.js","statementMap":{},"fnMap":{},"branchMap":{},"s":{},"f":{},"b":{},"_coverageSchema":"1a1c01bbd47fc00a2c39e90264f33305004495a9","hash":"b5f8d3b76739b88a7aee28d672db669d132d2e65"}
,"/Users/zhussain1/Desktop/Projects/redux-starter/src/store/users.js": {"path":"/Users/zhussain1/Desktop/Projects/redux-starter/src/store/users.js","statementMap":{"0":{"start":{"line":3,"column":13},"end":{"line":3,"column":14}},"1":{"start":{"line":5,"column":14},"end":{"line":18,"column":2}},"2":{"start":{"line":12,"column":6},"end":{"line":15,"column":9}},"3":{"start":{"line":20,"column":29},"end":{"line":20,"column":42}}},"fnMap":{"0":{"name":"(anonymous_0)","decl":{"start":{"line":11,"column":15},"end":{"line":11,"column":16}},"loc":{"start":{"line":11,"column":34},"end":{"line":16,"column":5}},"line":11}},"branchMap":{},"s":{"0":1,"1":1,"2":0,"3":1},"f":{"0":0},"b":{},"_coverageSchema":"1a1c01bbd47fc00a2c39e90264f33305004495a9","hash":"b00fde82ca24f6603a9e1f8b1b1410ac9bbc2078"}
,"/Users/zhussain1/Desktop/Projects/redux-starter/src/store/middleware/api.js": {"path":"/Users/zhussain1/Desktop/Projects/redux-starter/src/store/middleware/api.js","statementMap":{"0":{"start":{"line":5,"column":2},"end":{"line":34,"column":3}},"1":{"start":{"line":6,"column":2},"end":{"line":34,"column":3}},"2":{"start":{"line":7,"column":2},"end":{"line":34,"column":3}},"3":{"start":{"line":8,"column":4},"end":{"line":8,"column":71}},"4":{"start":{"line":8,"column":51},"end":{"line":8,"column":71}},"5":{"start":{"line":10,"column":63},"end":{"line":10,"column":77}},"6":{"start":{"line":12,"column":4},"end":{"line":12,"column":45}},"7":{"start":{"line":12,"column":17},"end":{"line":12,"column":45}},"8":{"start":{"line":14,"column":4},"end":{"line":14,"column":17}},"9":{"start":{"line":16,"column":4},"end":{"line":33,"column":5}},"10":{"start":{"line":17,"column":23},"end":{"line":22,"column":8}},"11":{"start":{"line":24,"column":6},"end":{"line":24,"column":54}},"12":{"start":{"line":27,"column":6},"end":{"line":27,"column":75}},"13":{"start":{"line":27,"column":21},"end":{"line":27,"column":75}},"14":{"start":{"line":30,"column":6},"end":{"line":30,"column":53}},"15":{"start":{"line":32,"column":6},"end":{"line":32,"column":71}},"16":{"start":{"line":32,"column":19},"end":{"line":32,"column":71}}},"fnMap":{"0":{"name":"(anonymous_0)","decl":{"start":{"line":5,"column":2},"end":{"line":5,"column":3}},"loc":{"start":{"line":6,"column":2},"end":{"line":34,"column":3}},"line":6},"1":{"name":"(anonymous_1)","decl":{"start":{"line":6,"column":2},"end":{"line":6,"column":3}},"loc":{"start":{"line":7,"column":2},"end":{"line":34,"column":3}},"line":7},"2":{"name":"(anonymous_2)","decl":{"start":{"line":7,"column":2},"end":{"line":7,"column":3}},"loc":{"start":{"line":7,"column":20},"end":{"line":34,"column":3}},"line":7}},"branchMap":{"0":{"loc":{"start":{"line":8,"column":4},"end":{"line":8,"column":71}},"type":"if","locations":[{"start":{"line":8,"column":4},"end":{"line":8,"column":71}},{"start":{},"end":{}}],"line":8},"1":{"loc":{"start":{"line":12,"column":4},"end":{"line":12,"column":45}},"type":"if","locations":[{"start":{"line":12,"column":4},"end":{"line":12,"column":45}},{"start":{},"end":{}}],"line":12},"2":{"loc":{"start":{"line":27,"column":6},"end":{"line":27,"column":75}},"type":"if","locations":[{"start":{"line":27,"column":6},"end":{"line":27,"column":75}},{"start":{},"end":{}}],"line":27},"3":{"loc":{"start":{"line":32,"column":6},"end":{"line":32,"column":71}},"type":"if","locations":[{"start":{"line":32,"column":6},"end":{"line":32,"column":71}},{"start":{},"end":{}}],"line":32}},"s":{"0":1,"1":10,"2":10,"3":36,"4":25,"5":11,"6":11,"7":5,"8":11,"9":11,"10":11,"11":8,"12":8,"13":8,"14":3,"15":3,"16":1},"f":{"0":10,"1":10,"2":36},"b":{"0":[25,11],"1":[5,6],"2":[8,0],"3":[1,2]},"_coverageSchema":"1a1c01bbd47fc00a2c39e90264f33305004495a9","hash":"a2672fdb5553b25a66497e264c139d537515faa1"}
,"/Users/zhussain1/Desktop/Projects/redux-starter/src/store/middleware/errorLogger.js": {"path":"/Users/zhussain1/Desktop/Projects/redux-starter/src/store/middleware/errorLogger.js","statementMap":{"0":{"start":{"line":1,"column":20},"end":{"line":4,"column":1}},"1":{"start":{"line":1,"column":31},"end":{"line":4,"column":1}},"2":{"start":{"line":1,"column":41},"end":{"line":4,"column":1}},"3":{"start":{"line":2,"column":2},"end":{"line":3,"column":27}},"4":{"start":{"line":2,"column":31},"end":{"line":2,"column":79}},"5":{"start":{"line":3,"column":7},"end":{"line":3,"column":27}}},"fnMap":{"0":{"name":"(anonymous_0)","decl":{"start":{"line":1,"column":20},"end":{"line":1,"column":21}},"loc":{"start":{"line":1,"column":31},"end":{"line":4,"column":1}},"line":1},"1":{"name":"(anonymous_1)","decl":{"start":{"line":1,"column":31},"end":{"line":1,"column":32}},"loc":{"start":{"line":1,"column":41},"end":{"line":4,"column":1}},"line":1},"2":{"name":"(anonymous_2)","decl":{"start":{"line":1,"column":41},"end":{"line":1,"column":42}},"loc":{"start":{"line":1,"column":53},"end":{"line":4,"column":1}},"line":1}},"branchMap":{"0":{"loc":{"start":{"line":2,"column":2},"end":{"line":3,"column":27}},"type":"if","locations":[{"start":{"line":2,"column":2},"end":{"line":3,"column":27}},{"start":{"line":3,"column":7},"end":{"line":3,"column":27}}],"line":2}},"s":{"0":1,"1":10,"2":10,"3":36,"4":0,"5":36},"f":{"0":10,"1":10,"2":36},"b":{"0":[0,36]},"_coverageSchema":"1a1c01bbd47fc00a2c39e90264f33305004495a9","hash":"1ecf0fea91d9d1948585cd075752a3288fa1efe7"}
,"/Users/zhussain1/Desktop/Projects/redux-starter/src/store/middleware/logger.js": {"path":"/Users/zhussain1/Desktop/Projects/redux-starter/src/store/middleware/logger.js","statementMap":{"0":{"start":{"line":1,"column":15},"end":{"line":4,"column":1}},"1":{"start":{"line":1,"column":26},"end":{"line":4,"column":1}},"2":{"start":{"line":1,"column":37},"end":{"line":4,"column":1}},"3":{"start":{"line":1,"column":47},"end":{"line":4,"column":1}},"4":{"start":{"line":2,"column":2},"end":{"line":2,"column":35}},"5":{"start":{"line":3,"column":2},"end":{"line":3,"column":22}}},"fnMap":{"0":{"name":"(anonymous_0)","decl":{"start":{"line":1,"column":15},"end":{"line":1,"column":16}},"loc":{"start":{"line":1,"column":26},"end":{"line":4,"column":1}},"line":1},"1":{"name":"(anonymous_1)","decl":{"start":{"line":1,"column":26},"end":{"line":1,"column":27}},"loc":{"start":{"line":1,"column":37},"end":{"line":4,"column":1}},"line":1},"2":{"name":"(anonymous_2)","decl":{"start":{"line":1,"column":37},"end":{"line":1,"column":38}},"loc":{"start":{"line":1,"column":47},"end":{"line":4,"column":1}},"line":1},"3":{"name":"(anonymous_3)","decl":{"start":{"line":1,"column":47},"end":{"line":1,"column":48}},"loc":{"start":{"line":1,"column":59},"end":{"line":4,"column":1}},"line":1}},"branchMap":{},"s":{"0":1,"1":1,"2":10,"3":10,"4":36,"5":36},"f":{"0":1,"1":10,"2":10,"3":36},"b":{},"_coverageSchema":"1a1c01bbd47fc00a2c39e90264f33305004495a9","hash":"a12a601fecc830e945970080fa345559a3d7530a"}
}
