TN:
SF:src/math.js
FN:1,(anonymous_0)
FNF:1
FNH:1
FNDA:2,(anonymous_0)
DA:1,2
LF:1
LH:1
BRF:0
BRH:0
end_of_record
TN:
SF:src/store/api.js
FNF:0
FNH:0
DA:3,1
DA:4,1
DA:5,1
LF:3
LH:3
BRF:0
BRH:0
end_of_record
TN:
SF:src/store/bugs.js
FN:18,(anonymous_0)
FN:22,(anonymous_1)
FN:26,(anonymous_2)
FN:30,(anonymous_3)
FN:39,(anonymous_4)
FN:40,(anonymous_5)
FN:44,(anonymous_6)
FN:45,(anonymous_7)
FN:51,(anonymous_8)
FN:53,(anonymous_9)
FN:73,(anonymous_10)
FN:73,(anonymous_11)
FN:90,(anonymous_12)
FN:98,(anonymous_13)
FN:106,(anonymous_14)
FN:116,(anonymous_15)
FN:117,(anonymous_16)
FN:117,(anonymous_17)
FN:120,(anonymous_18)
FN:122,(anonymous_19)
FN:123,(anonymous_20)
FN:123,(anonymous_21)
FNF:22
FNH:13
FNDA:5,(anonymous_0)
FNDA:4,(anonymous_1)
FNDA:1,(anonymous_2)
FNDA:3,(anonymous_3)
FNDA:1,(anonymous_4)
FNDA:1,(anonymous_5)
FNDA:0,(anonymous_6)
FNDA:0,(anonymous_7)
FNDA:0,(anonymous_8)
FNDA:0,(anonymous_9)
FNDA:6,(anonymous_10)
FNDA:6,(anonymous_11)
FNDA:4,(anonymous_12)
FNDA:2,(anonymous_13)
FNDA:0,(anonymous_14)
FNDA:1,(anonymous_15)
FNDA:1,(anonymous_16)
FNDA:3,(anonymous_17)
FNDA:0,(anonymous_18)
FNDA:0,(anonymous_19)
FNDA:0,(anonymous_20)
FNDA:0,(anonymous_21)
DA:6,1
DA:8,1
DA:19,5
DA:20,5
DA:23,4
DA:24,4
DA:27,1
DA:31,3
DA:40,1
DA:41,1
DA:45,0
DA:46,0
DA:47,0
DA:52,0
DA:53,0
DA:54,0
DA:59,1
DA:63,1
DA:73,6
DA:74,6
DA:76,6
DA:78,6
DA:80,5
DA:90,1
DA:91,4
DA:98,1
DA:99,2
DA:106,1
DA:107,0
DA:115,1
DA:116,1
DA:117,3
DA:120,1
DA:121,0
DA:122,0
DA:123,0
LF:36
LH:26
BRDA:46,0,0,0
BRDA:46,0,1,0
BRDA:78,1,0,1
BRDA:78,1,1,5
BRF:4
BRH:2
end_of_record
TN:
SF:src/store/configureStore.js
FN:9,(anonymous_0)
FN:12,(anonymous_1)
FNF:2
FNH:2
FNDA:10,(anonymous_0)
FNDA:10,(anonymous_1)
DA:7,1
DA:10,10
DA:13,10
LF:3
LH:3
BRF:0
BRH:0
end_of_record
TN:
SF:src/store/entitiesReducer.js
FNF:0
FNH:0
LF:0
LH:0
BRF:0
BRH:0
end_of_record
TN:
SF:src/store/projects.js
FN:11,(anonymous_0)
FNF:1
FNH:0
FNDA:0,(anonymous_0)
DA:3,1
DA:5,1
DA:12,0
DA:20,1
LF:4
LH:3
BRF:0
BRH:0
end_of_record
TN:
SF:src/store/reducer.js
FNF:0
FNH:0
LF:0
LH:0
BRF:0
BRH:0
end_of_record
TN:
SF:src/store/users.js
FN:11,(anonymous_0)
FNF:1
FNH:0
FNDA:0,(anonymous_0)
DA:3,1
DA:5,1
DA:12,0
DA:20,1
LF:4
LH:3
BRF:0
BRH:0
end_of_record
TN:
SF:src/store/middleware/api.js
FN:5,(anonymous_0)
FN:6,(anonymous_1)
FN:7,(anonymous_2)
FNF:3
FNH:3
FNDA:10,(anonymous_0)
FNDA:10,(anonymous_1)
FNDA:36,(anonymous_2)
DA:5,1
DA:6,10
DA:7,10
DA:8,36
DA:10,11
DA:12,11
DA:14,11
DA:16,11
DA:17,11
DA:24,8
DA:27,8
DA:30,3
DA:32,3
LF:13
LH:13
BRDA:8,0,0,25
BRDA:8,0,1,11
BRDA:12,1,0,5
BRDA:12,1,1,6
BRDA:27,2,0,8
BRDA:27,2,1,0
BRDA:32,3,0,1
BRDA:32,3,1,2
BRF:8
BRH:7
end_of_record
TN:
SF:src/store/middleware/errorLogger.js
FN:1,(anonymous_0)
FN:1,(anonymous_1)
FN:1,(anonymous_2)
FNF:3
FNH:3
FNDA:10,(anonymous_0)
FNDA:10,(anonymous_1)
FNDA:36,(anonymous_2)
DA:1,10
DA:2,36
DA:3,36
LF:3
LH:3
BRDA:2,0,0,0
BRDA:2,0,1,36
BRF:2
BRH:1
end_of_record
TN:
SF:src/store/middleware/logger.js
FN:1,(anonymous_0)
FN:1,(anonymous_1)
FN:1,(anonymous_2)
FN:1,(anonymous_3)
FNF:4
FNH:4
FNDA:1,(anonymous_0)
FNDA:10,(anonymous_1)
FNDA:10,(anonymous_2)
FNDA:36,(anonymous_3)
DA:1,10
DA:2,36
DA:3,36
LF:3
LH:3
BRF:0
BRH:0
end_of_record
